#! /usr/bin/env bash
exec /home/proppy/xls-env/bin/vvp -f "$0" "$@" <<'# EOF'
:ivl_version "13.0 (devel)" "(0_8-6897-g58dcf39db-dirty)";
:ivl_delay_selection "TYPICAL";
:vpi_time_precision + 0;
:vpi_module "/home/proppy/xls-env/lib/ivl/system.vpi";
:vpi_module "/home/proppy/xls-env/lib/ivl/vhdl_sys.vpi";
:vpi_module "/home/proppy/xls-env/lib/ivl/vhdl_textio.vpi";
:vpi_module "/home/proppy/xls-env/lib/ivl/v2005_math.vpi";
:vpi_module "/home/proppy/xls-env/lib/ivl/va_math.vpi";
S_0x252dae0 .scope module, "__mux__mux2x19_8" "__mux__mux2x19_8" 2 1;
 .timescale 0 0;
    .port_info 0 /INPUT 3 "sel";
    .port_info 1 /INPUT 19 "input_a";
    .port_info 2 /INPUT 19 "input_b";
    .port_info 3 /INPUT 19 "input_c";
    .port_info 4 /INPUT 8 "output_a";
    .port_info 5 /INPUT 8 "output_b";
    .port_info 6 /INPUT 8 "output_c";
    .port_info 7 /OUTPUT 27 "out";
o0x7bd7f6dce588 .functor BUFZ 19, C4<zzzzzzzzzzzzzzzzzzz>; HiZ drive
L_0x254a520 .functor AND 19, o0x7bd7f6dce588, L_0x254a130, C4<1111111111111111111>, C4<1111111111111111111>;
o0x7bd7f6dce5b8 .functor BUFZ 19, C4<zzzzzzzzzzzzzzzzzzz>; HiZ drive
L_0x254aa30 .functor AND 19, o0x7bd7f6dce5b8, L_0x254a630, C4<1111111111111111111>, C4<1111111111111111111>;
L_0x254aaa0 .functor OR 19, L_0x254a520, L_0x254aa30, C4<0000000000000000000>, C4<0000000000000000000>;
o0x7bd7f6dce5e8 .functor BUFZ 19, C4<zzzzzzzzzzzzzzzzzzz>; HiZ drive
L_0x254b0a0 .functor AND 19, o0x7bd7f6dce5e8, L_0x254ac50, C4<1111111111111111111>, C4<1111111111111111111>;
L_0x254b170 .functor OR 19, L_0x254aaa0, L_0x254b0a0, C4<0000000000000000000>, C4<0000000000000000000>;
o0x7bd7f6dce648 .functor BUFZ 8, C4<zzzzzzzz>; HiZ drive
L_0x254b480 .functor AND 8, o0x7bd7f6dce648, L_0x254b2d0, C4<11111111>, C4<11111111>;
o0x7bd7f6dce678 .functor BUFZ 8, C4<zzzzzzzz>; HiZ drive
L_0x254b410 .functor AND 8, o0x7bd7f6dce678, L_0x254b600, C4<11111111>, C4<11111111>;
L_0x254b900 .functor OR 8, L_0x254b480, L_0x254b410, C4<00000000>, C4<00000000>;
o0x7bd7f6dce6a8 .functor BUFZ 8, C4<zzzzzzzz>; HiZ drive
L_0x254bde0 .functor AND 8, o0x7bd7f6dce6a8, L_0x254bb00, C4<11111111>, C4<11111111>;
L_0x254be80 .functor OR 8, L_0x254b900, L_0x254bde0, C4<00000000>, C4<00000000>;
L_0x7bd7f6d85018 .functor BUFT 1, C4<100>, C4<0>, C4<0>, C4<0>;
v0x252dd80_0 .net/2u *"_ivl_0", 2 0, L_0x7bd7f6d85018;  1 drivers
v0x25476c0_0 .net *"_ivl_10", 0 0, L_0x2549d30;  1 drivers
v0x2547780_0 .net *"_ivl_15", 0 0, L_0x254a040;  1 drivers
v0x2547840_0 .net *"_ivl_16", 18 0, L_0x254a130;  1 drivers
v0x2547920_0 .net *"_ivl_18", 18 0, L_0x254a520;  1 drivers
v0x2547a50_0 .net *"_ivl_2", 0 0, L_0x2549ac0;  1 drivers
v0x2547b10_0 .net *"_ivl_21", 0 0, L_0x254a590;  1 drivers
v0x2547bf0_0 .net *"_ivl_22", 18 0, L_0x254a630;  1 drivers
v0x2547cd0_0 .net *"_ivl_24", 18 0, L_0x254aa30;  1 drivers
v0x2547e40_0 .net *"_ivl_26", 18 0, L_0x254aaa0;  1 drivers
v0x2547f20_0 .net *"_ivl_29", 0 0, L_0x254abb0;  1 drivers
v0x2548000_0 .net *"_ivl_30", 18 0, L_0x254ac50;  1 drivers
v0x25480e0_0 .net *"_ivl_32", 18 0, L_0x254b0a0;  1 drivers
v0x25481c0_0 .net *"_ivl_34", 18 0, L_0x254b170;  1 drivers
v0x25482a0_0 .net *"_ivl_37", 0 0, L_0x254b230;  1 drivers
v0x2548380_0 .net *"_ivl_38", 7 0, L_0x254b2d0;  1 drivers
L_0x7bd7f6d85060 .functor BUFT 1, C4<010>, C4<0>, C4<0>, C4<0>;
v0x2548460_0 .net/2u *"_ivl_4", 2 0, L_0x7bd7f6d85060;  1 drivers
v0x2548650_0 .net *"_ivl_40", 7 0, L_0x254b480;  1 drivers
v0x2548730_0 .net *"_ivl_43", 0 0, L_0x254b560;  1 drivers
v0x2548810_0 .net *"_ivl_44", 7 0, L_0x254b600;  1 drivers
v0x25488f0_0 .net *"_ivl_46", 7 0, L_0x254b410;  1 drivers
v0x25489d0_0 .net *"_ivl_48", 7 0, L_0x254b900;  1 drivers
v0x2548ab0_0 .net *"_ivl_51", 0 0, L_0x254ba60;  1 drivers
v0x2548b90_0 .net *"_ivl_52", 7 0, L_0x254bb00;  1 drivers
v0x2548c70_0 .net *"_ivl_54", 7 0, L_0x254bde0;  1 drivers
v0x2548d50_0 .net *"_ivl_56", 7 0, L_0x254be80;  1 drivers
v0x2548e30_0 .net *"_ivl_6", 0 0, L_0x2549bc0;  1 drivers
L_0x7bd7f6d850a8 .functor BUFT 1, C4<001>, C4<0>, C4<0>, C4<0>;
v0x2548ef0_0 .net/2u *"_ivl_8", 2 0, L_0x7bd7f6d850a8;  1 drivers
v0x2548fd0_0 .net "concat_91", 2 0, L_0x2549e50;  1 drivers
v0x25490b0_0 .net "input_a", 18 0, o0x7bd7f6dce588;  0 drivers
v0x2549190_0 .net "input_b", 18 0, o0x7bd7f6dce5b8;  0 drivers
v0x2549270_0 .net "input_c", 18 0, o0x7bd7f6dce5e8;  0 drivers
v0x2549350_0 .net "out", 26 0, L_0x254bff0;  1 drivers
v0x2549640_0 .net "output_a", 7 0, o0x7bd7f6dce648;  0 drivers
v0x2549720_0 .net "output_b", 7 0, o0x7bd7f6dce678;  0 drivers
v0x2549800_0 .net "output_c", 7 0, o0x7bd7f6dce6a8;  0 drivers
o0x7bd7f6dce6d8 .functor BUFZ 3, C4<zzz>; HiZ drive
v0x25498e0_0 .net "sel", 2 0, o0x7bd7f6dce6d8;  0 drivers
L_0x2549ac0 .cmp/eq 3, o0x7bd7f6dce6d8, L_0x7bd7f6d85018;
L_0x2549bc0 .cmp/eq 3, o0x7bd7f6dce6d8, L_0x7bd7f6d85060;
L_0x2549d30 .cmp/eq 3, o0x7bd7f6dce6d8, L_0x7bd7f6d850a8;
L_0x2549e50 .concat [ 1 1 1 0], L_0x2549d30, L_0x2549bc0, L_0x2549ac0;
L_0x254a040 .part L_0x2549e50, 0, 1;
LS_0x254a130_0_0 .concat [ 1 1 1 1], L_0x254a040, L_0x254a040, L_0x254a040, L_0x254a040;
LS_0x254a130_0_4 .concat [ 1 1 1 1], L_0x254a040, L_0x254a040, L_0x254a040, L_0x254a040;
LS_0x254a130_0_8 .concat [ 1 1 1 1], L_0x254a040, L_0x254a040, L_0x254a040, L_0x254a040;
LS_0x254a130_0_12 .concat [ 1 1 1 1], L_0x254a040, L_0x254a040, L_0x254a040, L_0x254a040;
LS_0x254a130_0_16 .concat [ 1 1 1 0], L_0x254a040, L_0x254a040, L_0x254a040;
LS_0x254a130_1_0 .concat [ 4 4 4 4], LS_0x254a130_0_0, LS_0x254a130_0_4, LS_0x254a130_0_8, LS_0x254a130_0_12;
LS_0x254a130_1_4 .concat [ 3 0 0 0], LS_0x254a130_0_16;
L_0x254a130 .concat [ 16 3 0 0], LS_0x254a130_1_0, LS_0x254a130_1_4;
L_0x254a590 .part L_0x2549e50, 1, 1;
LS_0x254a630_0_0 .concat [ 1 1 1 1], L_0x254a590, L_0x254a590, L_0x254a590, L_0x254a590;
LS_0x254a630_0_4 .concat [ 1 1 1 1], L_0x254a590, L_0x254a590, L_0x254a590, L_0x254a590;
LS_0x254a630_0_8 .concat [ 1 1 1 1], L_0x254a590, L_0x254a590, L_0x254a590, L_0x254a590;
LS_0x254a630_0_12 .concat [ 1 1 1 1], L_0x254a590, L_0x254a590, L_0x254a590, L_0x254a590;
LS_0x254a630_0_16 .concat [ 1 1 1 0], L_0x254a590, L_0x254a590, L_0x254a590;
LS_0x254a630_1_0 .concat [ 4 4 4 4], LS_0x254a630_0_0, LS_0x254a630_0_4, LS_0x254a630_0_8, LS_0x254a630_0_12;
LS_0x254a630_1_4 .concat [ 3 0 0 0], LS_0x254a630_0_16;
L_0x254a630 .concat [ 16 3 0 0], LS_0x254a630_1_0, LS_0x254a630_1_4;
L_0x254abb0 .part L_0x2549e50, 2, 1;
LS_0x254ac50_0_0 .concat [ 1 1 1 1], L_0x254abb0, L_0x254abb0, L_0x254abb0, L_0x254abb0;
LS_0x254ac50_0_4 .concat [ 1 1 1 1], L_0x254abb0, L_0x254abb0, L_0x254abb0, L_0x254abb0;
LS_0x254ac50_0_8 .concat [ 1 1 1 1], L_0x254abb0, L_0x254abb0, L_0x254abb0, L_0x254abb0;
LS_0x254ac50_0_12 .concat [ 1 1 1 1], L_0x254abb0, L_0x254abb0, L_0x254abb0, L_0x254abb0;
LS_0x254ac50_0_16 .concat [ 1 1 1 0], L_0x254abb0, L_0x254abb0, L_0x254abb0;
LS_0x254ac50_1_0 .concat [ 4 4 4 4], LS_0x254ac50_0_0, LS_0x254ac50_0_4, LS_0x254ac50_0_8, LS_0x254ac50_0_12;
LS_0x254ac50_1_4 .concat [ 3 0 0 0], LS_0x254ac50_0_16;
L_0x254ac50 .concat [ 16 3 0 0], LS_0x254ac50_1_0, LS_0x254ac50_1_4;
L_0x254b230 .part L_0x2549e50, 0, 1;
LS_0x254b2d0_0_0 .concat [ 1 1 1 1], L_0x254b230, L_0x254b230, L_0x254b230, L_0x254b230;
LS_0x254b2d0_0_4 .concat [ 1 1 1 1], L_0x254b230, L_0x254b230, L_0x254b230, L_0x254b230;
L_0x254b2d0 .concat [ 4 4 0 0], LS_0x254b2d0_0_0, LS_0x254b2d0_0_4;
L_0x254b560 .part L_0x2549e50, 1, 1;
LS_0x254b600_0_0 .concat [ 1 1 1 1], L_0x254b560, L_0x254b560, L_0x254b560, L_0x254b560;
LS_0x254b600_0_4 .concat [ 1 1 1 1], L_0x254b560, L_0x254b560, L_0x254b560, L_0x254b560;
L_0x254b600 .concat [ 4 4 0 0], LS_0x254b600_0_0, LS_0x254b600_0_4;
L_0x254ba60 .part L_0x2549e50, 2, 1;
LS_0x254bb00_0_0 .concat [ 1 1 1 1], L_0x254ba60, L_0x254ba60, L_0x254ba60, L_0x254ba60;
LS_0x254bb00_0_4 .concat [ 1 1 1 1], L_0x254ba60, L_0x254ba60, L_0x254ba60, L_0x254ba60;
L_0x254bb00 .concat [ 4 4 0 0], LS_0x254bb00_0_0, LS_0x254bb00_0_4;
L_0x254bff0 .concat [ 8 19 0 0], L_0x254be80, L_0x254b170;
# The file index is used to find the file name in the following table.
:file_names 3;
    "N/A";
    "<interactive>";
    "test_mux.v";
# EOF
